<?xml version="1.0" encoding="UTF-8"?>
<!-- Generated by org.testng.reporters.JUnitReportReporter -->
<testsuite hostname="Chanchala" failures="0" tests="1" name="Academy1.homePage" time="15.626" errors="0" timestamp="2020-11-04T13:56:43 IST" skipped="0">
  <testcase classname="Academy1.homePage" name="pageNavigation" time="15.626"/>
</testsuite> <!-- Academy1.homePage -->
