<?xml version="1.0" encoding="UTF-8"?>
<!-- Generated by org.testng.reporters.JUnitReportReporter -->
<testsuite hostname="Chanchala" failures="0" tests="1" name="Academy1.shopItemValidate" time="25.784" errors="0" timestamp="2020-11-04T14:00:22 IST" skipped="0">
  <testcase classname="Academy1.shopItemValidate" name="pageNavigation" time="25.784"/>
</testsuite> <!-- Academy1.shopItemValidate -->
