<?xml version="1.0" encoding="UTF-8"?>
<!-- Generated by org.testng.reporters.JUnitReportReporter -->
<testsuite hostname="Chanchala" failures="0" tests="1" name="Academy1.validatePage" time="47.610" errors="0" timestamp="30 Oct 2020 16:58:00 GMT">
  <testcase classname="Academy1.validatePage" name="pageNavigation" time="47.610"/>
</testsuite> <!-- Academy1.validatePage -->
