<?xml version="1.0" encoding="UTF-8"?>
<!-- Generated by org.testng.reporters.JUnitReportReporter -->
<testsuite hostname="Chanchala" failures="0" tests="1" name="Academy1.validateItem" time="15.692" errors="0" timestamp="2020-11-04T14:05:00 IST" skipped="0">
  <testcase classname="Academy1.validateItem" name="pageNavigation" time="15.692"/>
</testsuite> <!-- Academy1.validateItem -->
