<?xml version="1.0" encoding="UTF-8"?>
<!-- Generated by org.testng.reporters.JUnitReportReporter -->
<testsuite hostname="Chanchala" failures="0" tests="1" name="Academy1.shopItemValidate" time="26.011" errors="0" timestamp="2020-11-04T14:05:00 IST" skipped="0">
  <testcase classname="Academy1.shopItemValidate" name="pageNavigation" time="26.011"/>
</testsuite> <!-- Academy1.shopItemValidate -->
